This is pdfTeX, Version 3.141592653-2.6-1.40.22 (TeX Live 2021) (preloaded format=pdflatex 2021.12.1)  17 APR 2023 17:46
entering extended mode
 restricted \write18 enabled.
 file:line:error style messages enabled.
 %&-line parsing enabled.
**/Users/nezakrzan/Documents/GitHub/Diplomska-naloga/diplomska/dimploska_naloga.tex
(/Users/nezakrzan/Documents/GitHub/Diplomska-naloga/diplomska/dimploska_naloga.tex
LaTeX2e <2020-10-01> patch level 4
L3 programming layer <2021-02-18> (/usr/local/texlive/2021/texmf-dist/tex/latex/amscls/amsart.cls
Document Class: amsart 2020/05/29 v2.20.6
\linespacing=\dimen138
\normalparindent=\dimen139
\normaltopskip=\skip47
(/usr/local/texlive/2021/texmf-dist/tex/latex/amsmath/amsmath.sty
Package: amsmath 2020/09/23 v2.17i AMS math features
\@mathmargin=\skip48

For additional information on amsmath, use the `?' option.
(/usr/local/texlive/2021/texmf-dist/tex/latex/amsmath/amstext.sty
Package: amstext 2000/06/29 v2.01 AMS text
 (/usr/local/texlive/2021/texmf-dist/tex/latex/amsmath/amsgen.sty
File: amsgen.sty 1999/11/30 v2.0 generic functions
\@emptytoks=\toks15
\ex@=\dimen140
)) (/usr/local/texlive/2021/texmf-dist/tex/latex/amsmath/amsbsy.sty
Package: amsbsy 1999/11/29 v1.2d Bold Symbols
\pmbraise@=\dimen141
) (/usr/local/texlive/2021/texmf-dist/tex/latex/amsmath/amsopn.sty
Package: amsopn 2016/03/08 v2.02 operator names
)
\inf@bad=\count179
LaTeX Info: Redefining \frac on input line 234.
\uproot@=\count180
\leftroot@=\count181
LaTeX Info: Redefining \overline on input line 399.
\classnum@=\count182
\DOTSCASE@=\count183
LaTeX Info: Redefining \ldots on input line 496.
LaTeX Info: Redefining \dots on input line 499.
LaTeX Info: Redefining \cdots on input line 620.
\Mathstrutbox@=\box47
\strutbox@=\box48
\big@size=\dimen142
LaTeX Font Info:    Redeclaring font encoding OML on input line 743.
LaTeX Font Info:    Redeclaring font encoding OMS on input line 744.
\macc@depth=\count184
\c@MaxMatrixCols=\count185
\dotsspace@=\muskip16
\c@parentequation=\count186
\dspbrk@lvl=\count187
\tag@help=\toks16
\row@=\count188
\column@=\count189
\maxfields@=\count190
\andhelp@=\toks17
\eqnshift@=\dimen143
\alignsep@=\dimen144
\tagshift@=\dimen145
\tagwidth@=\dimen146
\totwidth@=\dimen147
\lineht@=\dimen148
\@envbody=\toks18
\multlinegap=\skip49
\multlinetaggap=\skip50
\mathdisplay@stack=\toks19
LaTeX Info: Redefining \[ on input line 2923.
LaTeX Info: Redefining \] on input line 2924.
)
LaTeX Font Info:    Trying to load font information for U+msa on input line 397.
 (/usr/local/texlive/2021/texmf-dist/tex/latex/amsfonts/umsa.fd
File: umsa.fd 2013/01/14 v3.01 AMS symbols A
) (/usr/local/texlive/2021/texmf-dist/tex/latex/amsfonts/amsfonts.sty
Package: amsfonts 2013/01/14 v3.01 Basic AMSFonts support
\symAMSa=\mathgroup4
\symAMSb=\mathgroup5
LaTeX Font Info:    Redeclaring math symbol \hbar on input line 98.
LaTeX Font Info:    Overwriting math alphabet `\mathfrak' in version `bold'
(Font)                  U/euf/m/n --> U/euf/b/n on input line 106.
)
\copyins=\insert199
\abstractbox=\box49
\listisep=\skip51
\c@part=\count191
\c@section=\count192
\c@subsection=\count193
\c@subsubsection=\count194
\c@paragraph=\count195
\c@subparagraph=\count196
\c@figure=\count197
\c@table=\count198
\abovecaptionskip=\skip52
\belowcaptionskip=\skip53
\captionindent=\dimen149
\thm@style=\toks20
\thm@bodyfont=\toks21
\thm@headfont=\toks22
\thm@notefont=\toks23
\thm@headpunct=\toks24
\thm@preskip=\skip54
\thm@postskip=\skip55
\thm@headsep=\skip56
\dth@everypar=\toks25
) (/usr/local/texlive/2021/texmf-dist/tex/generic/babel/babel.sty
Package: babel 2021/03/24 3.56 The Babel package
 (/usr/local/texlive/2021/texmf-dist/tex/generic/babel/babel.def
File: babel.def 2021/03/24 3.56 Babel common definitions
\babel@savecnt=\count266
\U@D=\dimen150
\l@babelnohyphens=\language87
 (/usr/local/texlive/2021/texmf-dist/tex/generic/babel/txtbabel.def)
\bbl@readstream=\read2
)
\bbl@dirlevel=\count267
 (/usr/local/texlive/2021/texmf-dist/tex/generic/babel-slovenian/slovene.ldf
Language: slovene 2021/02/06 v1.2n Slovene support from the babel system
Package babel Info: Making " an active character on input line 79.
)) (/usr/local/texlive/2021/texmf-dist/tex/latex/base/fontenc.sty
Package: fontenc 2020/08/10 v2.0s Standard LaTeX package
) (/usr/local/texlive/2021/texmf-dist/tex/latex/base/inputenc.sty
Package: inputenc 2020/08/01 v1.3d Input encoding file
\inpenc@prehook=\toks26
\inpenc@posthook=\toks27
) (/usr/local/texlive/2021/texmf-dist/tex/latex/amsfonts/amssymb.sty
Package: amssymb 2013/01/14 v3.01 AMS font symbols
) (/usr/local/texlive/2021/texmf-dist/tex/latex/url/url.sty
\Urlmuskip=\muskip17
Package: url 2013/09/16  ver 3.4  Verb mode for urls, etc.
) (/usr/local/texlive/2021/texmf-dist/tex/generic/ulem/ulem.sty
\UL@box=\box50
\UL@hyphenbox=\box51
\UL@skip=\skip57
\UL@hook=\toks28
\UL@height=\dimen151
\UL@pe=\count268
\UL@pixel=\dimen152
\ULC@box=\box52
Package: ulem 2019/11/18
\ULdepth=\dimen153
) (/usr/local/texlive/2021/texmf-dist/tex/latex/graphics/color.sty
Package: color 2020/02/24 v1.2b Standard LaTeX Color (DPC)
 (/usr/local/texlive/2021/texmf-dist/tex/latex/graphics-cfg/color.cfg
File: color.cfg 2016/01/02 v1.6 sample color configuration
)
Package color Info: Driver file: pdftex.def on input line 147.
 (/usr/local/texlive/2021/texmf-dist/tex/latex/graphics-def/pdftex.def
File: pdftex.def 2020/10/05 v1.2a Graphics/color driver for pdftex
) (/usr/local/texlive/2021/texmf-dist/tex/latex/graphics/dvipsnam.def
File: dvipsnam.def 2016/06/17 v3.0m Driver-dependent file (DPC,SPQR)
)) (/usr/local/texlive/2021/texmf-dist/tex/latex/graphics/graphicx.sty
Package: graphicx 2020/09/09 v1.2b Enhanced LaTeX Graphics (DPC,SPQR)
 (/usr/local/texlive/2021/texmf-dist/tex/latex/graphics/keyval.sty
Package: keyval 2014/10/28 v1.15 key=value parser (DPC)
\KV@toks@=\toks29
) (/usr/local/texlive/2021/texmf-dist/tex/latex/graphics/graphics.sty
Package: graphics 2020/08/30 v1.4c Standard LaTeX Graphics (DPC,SPQR)
 (/usr/local/texlive/2021/texmf-dist/tex/latex/graphics/trig.sty
Package: trig 2016/01/03 v1.10 sin cos tan (DPC)
) (/usr/local/texlive/2021/texmf-dist/tex/latex/graphics-cfg/graphics.cfg
File: graphics.cfg 2016/06/04 v1.11 sample graphics configuration
)
Package graphics Info: Driver file: pdftex.def on input line 105.
)
\Gin@req@height=\dimen154
\Gin@req@width=\dimen155
) (/usr/local/texlive/2021/texmf-dist/tex/latex/lipsum/lipsum.sty (/usr/local/texlive/2021/texmf-dist/tex/latex/l3kernel/expl3.sty
Package: expl3 2021-02-18 L3 programming layer (loader) 
 (/usr/local/texlive/2021/texmf-dist/tex/latex/l3backend/l3backend-pdftex.def
File: l3backend-pdftex.def 2021-03-18 L3 backend support: PDF output (pdfTeX)
\l__color_backend_stack_int=\count269
\l__pdf_internal_box=\box53
)) (/usr/local/texlive/2021/texmf-dist/tex/latex/l3packages/xparse/xparse.sty (/usr/local/texlive/2021/texmf-dist/tex/latex/l3packages/xparse/xparse-2020-10-01.sty (/usr/local/texlive/2021/texmf-dist/tex/latex/l3packages/xparse/xparse-generic.tex)))
Package: lipsum 2021-03-03 v2.3 150 paragraphs of Lorem Ipsum dummy text
 (/usr/local/texlive/2021/texmf-dist/tex/latex/lipsum/lipsum.ltd.tex
File: lipsum.ltd.tex 2021-03-03 v2.3 The Lorem ipsum dummy text
))
\c@definicija=\count270
\odstavek=\skip58
 (/Users/nezakrzan/Documents/GitHub/Diplomska-naloga/diplomska/dimploska_naloga.aux

LaTeX Warning: Label `table:1' multiply defined.

)
\openout1 = `dimploska_naloga.aux'.

LaTeX Font Info:    Checking defaults for OML/cmm/m/it on input line 60.
LaTeX Font Info:    ... okay on input line 60.
LaTeX Font Info:    Checking defaults for OMS/cmsy/m/n on input line 60.
LaTeX Font Info:    ... okay on input line 60.
LaTeX Font Info:    Checking defaults for OT1/cmr/m/n on input line 60.
LaTeX Font Info:    ... okay on input line 60.
LaTeX Font Info:    Checking defaults for T1/cmr/m/n on input line 60.
LaTeX Font Info:    ... okay on input line 60.
LaTeX Font Info:    Checking defaults for TS1/cmr/m/n on input line 60.
LaTeX Font Info:    ... okay on input line 60.
LaTeX Font Info:    Checking defaults for OMX/cmex/m/n on input line 60.
LaTeX Font Info:    ... okay on input line 60.
LaTeX Font Info:    Checking defaults for U/cmr/m/n on input line 60.
LaTeX Font Info:    ... okay on input line 60.
LaTeX Font Info:    Trying to load font information for U+msa on input line 60.
 (/usr/local/texlive/2021/texmf-dist/tex/latex/amsfonts/umsa.fd
File: umsa.fd 2013/01/14 v3.01 AMS symbols A
)
LaTeX Font Info:    Trying to load font information for U+msb on input line 60.
 (/usr/local/texlive/2021/texmf-dist/tex/latex/amsfonts/umsb.fd
File: umsb.fd 2013/01/14 v3.01 AMS symbols B
) (/usr/local/texlive/2021/texmf-dist/tex/context/base/mkii/supp-pdf.mkii
[Loading MPS to PDF converter (version 2006.09.02).]
\scratchcounter=\count271
\scratchdimen=\dimen156
\scratchbox=\box54
\nofMPsegments=\count272
\nofMParguments=\count273
\everyMPshowfont=\toks30
\MPscratchCnt=\count274
\MPscratchDim=\dimen157
\MPnumerator=\count275
\makeMPintoPDFobject=\count276
\everyMPtoPDFconversion=\toks31
) (/usr/local/texlive/2021/texmf-dist/tex/latex/epstopdf-pkg/epstopdf-base.sty
Package: epstopdf-base 2020-01-24 v2.11 Base part for package epstopdf
Package epstopdf-base Info: Redefining graphics rule for `.eps' on input line 485.
 (/usr/local/texlive/2021/texmf-dist/tex/latex/latexconfig/epstopdf-sys.cfg
File: epstopdf-sys.cfg 2010/07/13 v1.3 Configuration of (r)epstopdf for TeX Live
)) [1{/usr/local/texlive/2021/texmf-var/fonts/map/pdftex/updmap/pdftex.map}] (/Users/nezakrzan/Documents/GitHub/Diplomska-naloga/diplomska/dimploska_naloga.toc)
\tf@toc=\write3
\openout3 = `dimploska_naloga.toc'.


Underfull \vbox (badness 10000) has occurred while \output is active []

 [2]
LaTeX Font Info:    Trying to load font information for T1+cmtt on input line 108.
 (/usr/local/texlive/2021/texmf-dist/tex/latex/base/t1cmtt.fd
File: t1cmtt.fd 2019/12/16 v2.5j Standard LaTeX font definitions
) [3]
Underfull \hbox (badness 10000) in paragraph at lines 122--127

 []


Underfull \hbox (badness 10000) in paragraph at lines 133--139

 []


Underfull \hbox (badness 10000) in paragraph at lines 145--169

 []

[4]
Underfull \hbox (badness 10000) in paragraph at lines 173--188

 []

[5]
Underfull \hbox (badness 10000) in paragraph at lines 192--220

 []


Underfull \hbox (badness 10000) in paragraph at lines 192--220

 []


Underfull \hbox (badness 10000) in paragraph at lines 192--220

 []

[6]
Underfull \hbox (badness 10000) in paragraph at lines 224--245

 []


Underfull \hbox (badness 10000) in paragraph at lines 224--245

 []


Underfull \hbox (badness 10000) in paragraph at lines 224--245

 []

[7]
Underfull \hbox (badness 10000) in paragraph at lines 258--273

 []


Underfull \hbox (badness 10000) in paragraph at lines 258--273

 []


Underfull \hbox (badness 10000) in paragraph at lines 258--273

 []

[8]
Underfull \hbox (badness 10000) in paragraph at lines 279--283

 []


Underfull \hbox (badness 10000) in paragraph at lines 295--307

 []


Underfull \hbox (badness 10000) in paragraph at lines 295--307

 []

[9]
Underfull \hbox (badness 10000) in paragraph at lines 328--330

 []


Underfull \hbox (badness 10000) in paragraph at lines 350--364

 []


Underfull \hbox (badness 10000) in paragraph at lines 350--364

 []

[10]
Underfull \hbox (badness 10000) in paragraph at lines 401--426

 []


Underfull \hbox (badness 10000) in paragraph at lines 401--426

 []

[11]
Underfull \hbox (badness 10000) in paragraph at lines 429--435

 []

[12]
Underfull \hbox (badness 10000) in paragraph at lines 454--459

 []


Underfull \hbox (badness 10000) in paragraph at lines 467--472

 []


Underfull \hbox (badness 10000) in paragraph at lines 478--482

 []

[13]
Underfull \hbox (badness 10000) in paragraph at lines 484--493

 []


Underfull \hbox (badness 10000) in paragraph at lines 517--539

 []

[14]
Underfull \hbox (badness 10000) in paragraph at lines 562--579

 []

[15]
Underfull \hbox (badness 10000) in paragraph at lines 605--621

 []


Underfull \hbox (badness 10000) in paragraph at lines 605--621

 []

[16]
Underfull \hbox (badness 10000) in paragraph at lines 633--636

 []


Underfull \hbox (badness 10000) in paragraph at lines 638--642

 []

[17]
Underfull \hbox (badness 10000) in paragraph at lines 646--648

 []


Underfull \hbox (badness 10000) in paragraph at lines 676--682

 []

[18]
Underfull \hbox (badness 10000) in paragraph at lines 688--693

 []


Underfull \hbox (badness 10000) in paragraph at lines 727--733

 []

[19]
Underfull \hbox (badness 10000) in paragraph at lines 753--779

 []


Underfull \hbox (badness 10000) in paragraph at lines 753--779

 []

[20]
<slika_3.png, id=82, 701.62125pt x 179.67125pt>
File: slika_3.png Graphic file (type png)
<use slika_3.png>
Package pdftex.def Info: slika_3.png  used on input line 803.
(pdftex.def)             Requested size: 420.97598pt x 107.80356pt.

Underfull \hbox (badness 10000) in paragraph at lines 795--838

 []


Underfull \hbox (badness 10000) in paragraph at lines 795--838

 []


Underfull \hbox (badness 10000) in paragraph at lines 795--838

 []


Underfull \hbox (badness 10000) in paragraph at lines 795--838

 []


Underfull \hbox (badness 10000) in paragraph at lines 795--838

 []


Underfull \hbox (badness 10000) in paragraph at lines 795--838

 []


Underfull \hbox (badness 10000) in paragraph at lines 795--838

 []


Underfull \hbox (badness 10000) in paragraph at lines 795--838

 []


Underfull \hbox (badness 10000) in paragraph at lines 795--838

 []


Underfull \hbox (badness 10000) in paragraph at lines 795--838

 []


Underfull \hbox (badness 10000) in paragraph at lines 795--838

 []

[21] [22 </Users/nezakrzan/Documents/GitHub/Diplomska-naloga/diplomska/slika_3.png>]
Underfull \hbox (badness 10000) in paragraph at lines 841--867

 []


Underfull \hbox (badness 10000) in paragraph at lines 841--867

 []


Underfull \hbox (badness 10000) in paragraph at lines 841--867

 []


Underfull \hbox (badness 10000) in paragraph at lines 841--867

 []

[23]
<slika1.png, id=94, 256.96pt x 252.945pt>
File: slika1.png Graphic file (type png)
<use slika1.png>
Package pdftex.def Info: slika1.png  used on input line 898.
(pdftex.def)             Requested size: 115.63092pt x 113.82419pt.
 [24]
<slika2.png, id=98, 262.9825pt x 260.975pt>
File: slika2.png Graphic file (type png)
<use slika2.png>
Package pdftex.def Info: slika2.png  used on input line 919.
(pdftex.def)             Requested size: 118.34102pt x 117.43767pt.

Underfull \hbox (badness 10000) in paragraph at lines 934--941

 []

[25 </Users/nezakrzan/Documents/GitHub/Diplomska-naloga/diplomska/slika1.png> </Users/nezakrzan/Documents/GitHub/Diplomska-naloga/diplomska/slika2.png>]
Underfull \hbox (badness 10000) in paragraph at lines 973--987

 []

[26]
Underfull \hbox (badness 10000) in paragraph at lines 1004--1026

 []

[27] [28]
Underfull \hbox (badness 10000) in paragraph at lines 1062--1081

 []


Underfull \hbox (badness 10000) in paragraph at lines 1062--1081

 []

[29]
Underfull \hbox (badness 10000) in paragraph at lines 1125--1131

 []

[30] [31] (/Users/nezakrzan/Documents/GitHub/Diplomska-naloga/diplomska/dimploska_naloga.aux)

LaTeX Warning: There were multiply-defined labels.

 ) 
Here is how much of TeX's memory you used:
 4480 strings out of 478994
 61907 string characters out of 5858184
 552499 words of memory out of 5000000
 21726 multiletter control sequences out of 15000+600000
 419403 words of font info for 68 fonts, out of 8000000 for 9000
 1302 hyphenation exceptions out of 8191
 82i,9n,88p,355b,248s stack positions out of 5000i,500n,10000p,200000b,80000s
{/usr/local/texlive/2021/texmf-dist/fonts/enc/dvips/cm-super/cm-super-ts1.enc}{/usr/local/texlive/2021/texmf-dist/fonts/enc/dvips/cm-super/cm-super-t1.enc}</usr/local/texlive/2021/texmf-dist/fonts/type1/public/amsfonts/cm/cmex10.pfb></usr/local/texlive/2021/texmf-dist/fonts/type1/public/amsfonts/cm/cmmi12.pfb></usr/local/texlive/2021/texmf-dist/fonts/type1/public/amsfonts/cm/cmmi8.pfb></usr/local/texlive/2021/texmf-dist/fonts/type1/public/amsfonts/cm/cmr12.pfb></usr/local/texlive/2021/texmf-dist/fonts/type1/public/amsfonts/cm/cmr8.pfb></usr/local/texlive/2021/texmf-dist/fonts/type1/public/amsfonts/cm/cmsy10.pfb></usr/local/texlive/2021/texmf-dist/fonts/type1/public/amsfonts/cm/cmsy8.pfb></usr/local/texlive/2021/texmf-dist/fonts/type1/public/cm-super/sfbx1200.pfb></usr/local/texlive/2021/texmf-dist/fonts/type1/public/cm-super/sfbx1440.pfb></usr/local/texlive/2021/texmf-dist/fonts/type1/public/cm-super/sfcc1200.pfb></usr/local/texlive/2021/texmf-dist/fonts/type1/public/cm-super/sfrm0900.pfb></usr/local/texlive/2021/texmf-dist/fonts/type1/public/cm-super/sfrm1200.pfb></usr/local/texlive/2021/texmf-dist/fonts/type1/public/cm-super/sfrm1440.pfb></usr/local/texlive/2021/texmf-dist/fonts/type1/public/cm-super/sfti1200.pfb></usr/local/texlive/2021/texmf-dist/fonts/type1/public/cm-super/sftt1200.pfb>
Output written on /Users/nezakrzan/Documents/GitHub/Diplomska-naloga/diplomska/dimploska_naloga.pdf (31 pages, 583338 bytes).
PDF statistics:
 176 PDF objects out of 1000 (max. 8388607)
 120 compressed objects within 2 object streams
 0 named destinations out of 1000 (max. 500000)
 16 words of extra memory for PDF output out of 10000 (max. 10000000)

