\BOOKMARK [1][]{kazalo-vsebine.1}{Kazalo}{}% 1
\BOOKMARK [1][]{povzetek.1}{Povzetek}{}% 2
\BOOKMARK [1][]{section.1}{Uvod}{}% 3
\BOOKMARK [1][]{section.2}{Statistika\040v\040kazenskem\040pravu}{}% 4
\BOOKMARK [1][]{section.3}{Uporaba\040statistike\040pri\040pravnem\040postopku}{}% 5
\BOOKMARK [1][]{section.4}{Raziskovalni\040proces}{}% 6
\BOOKMARK [1][]{section.5}{Vrednotenje\040dokazov}{}% 7
\BOOKMARK [1][]{section.6}{Koncept\040verjetnosti}{}% 8
\BOOKMARK [1][]{section.7}{Bayesova\040statistika}{}% 9
\BOOKMARK [2][]{subsection.7.1}{Opredelitev}{section.7}% 10
\BOOKMARK [2][]{subsection.7.2}{Bayesovo\040pravilo}{section.7}% 11
\BOOKMARK [2][]{subsection.7.3}{Bayesovo\040posodabljanje}{section.7}% 12
\BOOKMARK [2][]{subsection.7.4}{Primer\040-\040Taksi\040podjetja}{section.7}% 13
\BOOKMARK [2][]{subsection.7.5}{Bayesova\040teorija\040v\040kazenskem\040pravu}{section.7}% 14
\BOOKMARK [2][]{subsection.7.6}{\376\377\000P\000r\000e\000d\000h\000o\000d\000n\000a\000\040\000v\000e\000r\000j\000e\000t\000n\000o\000s\000t\000\040\000i\000n\000\040\000d\000o\000l\000o\001\015\000i\000t\000e\000v\000\040\000a\000p\000o\000s\000t\000e\000r\000i\000o\000r\000n\000e\000\040\000v\000e\000r\000j\000e\000t\000n\000o\000s\000t\000i}{section.7}% 15
\BOOKMARK [1][]{section.8}{Predstavitev\040sodnega\040procesa\040-\040medicinska\040sestra\040Lucia\040De\040Berk}{}% 16
\BOOKMARK [2][]{subsection.8.1}{Podatki\040in\040uporabljena\040metoda}{section.8}% 17
\BOOKMARK [2][]{subsection.8.2}{Pristop\040z\040Bayesovo\040teorijo}{section.8}% 18
\BOOKMARK [1][]{section.9}{Bayesova\040analiza}{}% 19
\BOOKMARK [2][]{subsection.9.1}{Poenostavljena\040Bayesova\040analiza}{section.9}% 20
\BOOKMARK [2][]{subsection.9.2}{Izpopolnjena\040Bayesova\040analiza}{section.9}% 21
\BOOKMARK [1][]{section.10}{Frekvence}{}% 22
\BOOKMARK [1][]{section.11}{\376\377\000M\000e\000t\000o\000d\000a\000\040\000v\000e\000r\000j\000e\000t\000n\000o\000s\000t\000i\000\040\000n\000a\000k\000l\000j\000u\001\015\000n\000e\000g\000a\000\040\000u\000j\000e\000m\000a\000n\000j\000a}{}% 23
\BOOKMARK [1][]{section.12}{Razmerje\040verjetij}{}% 24
\BOOKMARK [2][]{subsection.12.1}{Opredelitev}{section.12}% 25
\BOOKMARK [2][]{subsection.12.2}{Razmerje\040verjetnosti\040v\040kazenskem\040pravu}{section.12}% 26
\BOOKMARK [2][]{subsection.12.3}{Utemeljitev\040uporabe\040razmerju\040verjetij}{section.12}% 27
\BOOKMARK [2][]{subsection.12.4}{Bayesov\040faktor\040in\040razmerje\040verjetij}{section.12}% 28
\BOOKMARK [1][]{section.13}{Nadaljevanje\040sodnega\040procesa\040-\040medicinska\040sestra\040Lucia\040De\040Berk:\040Pristop\040z\040razmerjem\040verjetij}{}% 29
\BOOKMARK [1][]{section.14}{Zmote\040v\040kazenskem\040pravu}{}% 30
\BOOKMARK [2][]{subsection.14.1}{\376\377\000T\000o\001\176\000i\000l\001\015\000e\000v\000a\000\040\000z\000m\000o\000t\000a}{section.14}% 31
\BOOKMARK [3][]{subsubsection.14.1.1}{\376\377\000P\000r\000i\000m\000e\000r\000\040\000-\000\040\000T\000o\001\176\000i\000l\001\015\000e\000v\000a\000\040\000z\000m\000o\000t\000a}{subsection.14.1}% 32
\BOOKMARK [1][]{section.15}{\376\377\000N\000a\001\015\000i\000n\000i\000\040\000z\000a\000\040\000i\000z\000o\000g\000i\000b\000\040\000z\000m\000o\000t\000a\000m}{}% 33
\BOOKMARK [2][]{subsection.15.1}{Izogib\040zmotam\040z\040uporabo\040razmerja\040verjetij}{section.15}% 34
\BOOKMARK [2][]{subsection.15.2}{\376\377\000U\001\015\000i\000n\000k\000o\000v\000i\000t\000o\000s\000t\000\040\000B\000a\000y\000e\000s\000o\000v\000e\000\040\000t\000e\000o\000r\000i\000j\000e\000\040\000p\000r\000i\000\040\000z\000m\000a\000n\000j\001\141\000a\000n\000j\000u\000\040\000z\000m\000o\000t\000e\000\040\000o\000b\000r\000a\000m\000b\000n\000e\000g\000a\000\040\000o\000d\000v\000e\000t\000n\000i\000k\000a}{section.15}% 35
\BOOKMARK [2][]{subsection.15.3}{\376\377\000U\001\015\000i\000n\000k\000o\000v\000i\000t\000o\000s\000t\000\040\000B\000a\000y\000e\000s\000o\000v\000e\000\040\000t\000e\000o\000r\000i\000j\000e\000\040\000p\000r\000i\000\040\000z\000m\000a\000n\000j\001\141\000a\000n\000j\000u\000\040\000z\000a\000s\000l\000i\001\141\000e\000v\000a\000l\001\015\000e\000v\000e\000\040\000z\000m\000o\000t\000e}{section.15}% 36
\BOOKMARK [1][]{section.16}{\376\377\000N\000a\000d\000a\000l\000j\000e\000v\000a\000n\000j\000e\000\040\000s\000o\000d\000n\000e\000g\000a\000\040\000p\000r\000o\000c\000e\000s\000a\000\040\000-\000\040\000m\000e\000d\000i\000c\000i\000n\000s\000k\000a\000\040\000s\000e\000s\000t\000r\000a\000\040\000L\000u\000c\000i\000a\000\040\000d\000e\000\040\000B\000e\000r\000g\000:\000\040\000I\000n\000t\000e\000r\000p\000r\000e\000t\000a\000c\000i\000j\000a\000\040\000v\000e\000r\000j\000e\000t\000n\000o\000s\000t\000i\000\040\000n\000a\000\040\000s\000o\000d\000i\001\141\001\015\000u}{}% 37
\BOOKMARK [1][]{section.17}{Izogib\040zmotam\040z\040uporabo\040Bayesovih\040omre\236ij}{}% 38
\BOOKMARK [2][]{subsection.17.1}{Opredelitev}{section.17}% 39
\BOOKMARK [2][]{subsection.17.2}{\376\377\000U\000p\000o\000r\000a\000b\000a\000\040\000B\000a\000y\000e\000s\000o\000v\000i\000h\000\040\000o\000m\000r\000e\001\176\000i\000j\000\040\000n\000a\000\040\000s\000o\000d\000i\001\141\001\015\000u}{section.17}% 40
\BOOKMARK [1][]{section.18}{\376\377\000Z\000a\000k\000l\000j\000u\001\015\000e\000k}{}% 41
\BOOKMARK [1][]{slovar.1}{Slovar\040strokovnih\040izrazov}{}% 42
\BOOKMARK [1][]{section*.3}{Literatura}{}% 43
